<?xml version="1.0" encoding="UTF-8" ?>
<testsuites>
 <testsuite name="firstProtractorTest" timestamp="2016-11-23T14:29:04" hostname="localhost" time="16.419" errors="0" tests="3" skipped="0" disabled="0" failures="0">
  <testcase classname="firstProtractorTest" name="Subtraction" time="5.633" />
  <testcase classname="firstProtractorTest" name="newAdditionTest" time="5.392" />
  <testcase classname="firstProtractorTest" name="newAdditionTestA" time="5.393" />
 </testsuite>
</testsuites>