<?xml version="1.0" encoding="UTF-8" ?>
<testsuites>
 <testsuite name="firstProtractorTest" timestamp="2016-11-30T01:17:14" hostname="localhost" time="0.018" errors="0" tests="3" skipped="0" disabled="0" failures="6">
  <testcase classname="firstProtractorTest" name="Subtraction" time="0.006">
   <failure type="exception" message="Failed: Actionwords is not defined"><![CDATA[ReferenceError: Actionwords is not defined
    at Object.<anonymous> (/Users/ahmeds6/project_firstProTravis/project_test.js:3:38)
    at /Users/ahmeds6/.nvm/versions/node/v7.2.0/lib/node_modules/protractor/node_modules/jasminewd2/index.js:96:23
    at wrappedCtr.constructor (/Users/ahmeds6/.nvm/versions/node/v7.2.0/lib/node_modules/protractor/node_modules/selenium-webdriver/lib/goog/../webdriver/promise.js:1056:7)
    at new wrappedCtr (/Users/ahmeds6/.nvm/versions/node/v7.2.0/lib/node_modules/protractor/node_modules/selenium-webdriver/lib/goog/base.js:2468:26)
    at controlFlowExecute (/Users/ahmeds6/.nvm/versions/node/v7.2.0/lib/node_modules/protractor/node_modules/jasminewd2/index.js:82:18)
    at wrappedCtr.execute_ (/Users/ahmeds6/.nvm/versions/node/v7.2.0/lib/node_modules/protractor/node_modules/selenium-webdriver/lib/goog/../webdriver/promise.js:2776:14)
    at wrappedCtr.executeNext_ (/Users/ahmeds6/.nvm/versions/node/v7.2.0/lib/node_modules/protractor/node_modules/selenium-webdriver/lib/goog/../webdriver/promise.js:2758:21)
    at goog.async.run.processWorkQueue (/Users/ahmeds6/.nvm/versions/node/v7.2.0/lib/node_modules/protractor/node_modules/selenium-webdriver/lib/goog/async/run.js:124:15)
    at process._tickCallback (internal/process/next_tick.js:103:7)
From: Task: Run beforeEach in control flow
    at Object.<anonymous> (/Users/ahmeds6/.nvm/versions/node/v7.2.0/lib/node_modules/protractor/node_modules/jasminewd2/index.js:81:14)
    at attemptAsync (/Users/ahmeds6/.nvm/versions/node/v7.2.0/lib/node_modules/protractor/node_modules/jasmine-core/lib/jasmine-core/jasmine.js:1819:24)
    at QueueRunner.run (/Users/ahmeds6/.nvm/versions/node/v7.2.0/lib/node_modules/protractor/node_modules/jasmine-core/lib/jasmine-core/jasmine.js:1774:9)
    at QueueRunner.execute (/Users/ahmeds6/.nvm/versions/node/v7.2.0/lib/node_modules/protractor/node_modules/jasmine-core/lib/jasmine-core/jasmine.js:1762:10)
    at Spec.queueRunnerFactory (/Users/ahmeds6/.nvm/versions/node/v7.2.0/lib/node_modules/protractor/node_modules/jasmine-core/lib/jasmine-core/jasmine.js:627:35)
    at Spec.execute (/Users/ahmeds6/.nvm/versions/node/v7.2.0/lib/node_modules/protractor/node_modules/jasmine-core/lib/jasmine-core/jasmine.js:353:10)
    at Object.fn (/Users/ahmeds6/.nvm/versions/node/v7.2.0/lib/node_modules/protractor/node_modules/jasmine-core/lib/jasmine-core/jasmine.js:2360:37)
    at attemptAsync (/Users/ahmeds6/.nvm/versions/node/v7.2.0/lib/node_modules/protractor/node_modules/jasmine-core/lib/jasmine-core/jasmine.js:1819:24)
    at QueueRunner.run (/Users/ahmeds6/.nvm/versions/node/v7.2.0/lib/node_modules/protractor/node_modules/jasmine-core/lib/jasmine-core/jasmine.js:1774:9)
    at QueueRunner.execute (/Users/ahmeds6/.nvm/versions/node/v7.2.0/lib/node_modules/protractor/node_modules/jasmine-core/lib/jasmine-core/jasmine.js:1762:10)
From asynchronous test: 
Error
    at Suite.<anonymous> (/Users/ahmeds6/project_firstProTravis/project_test.js:2:3)
    at addSpecsToSuite (/Users/ahmeds6/.nvm/versions/node/v7.2.0/lib/node_modules/protractor/node_modules/jasmine-core/lib/jasmine-core/jasmine.js:743:25)
    at Env.describe (/Users/ahmeds6/.nvm/versions/node/v7.2.0/lib/node_modules/protractor/node_modules/jasmine-core/lib/jasmine-core/jasmine.js:713:7)
    at describe (/Users/ahmeds6/.nvm/versions/node/v7.2.0/lib/node_modules/protractor/node_modules/jasmine-core/lib/jasmine-core/jasmine.js:3219:18)
    at Object.<anonymous> (/Users/ahmeds6/project_firstProTravis/project_test.js:1:1)
    at Module._compile (module.js:571:32)
    at Object.Module._extensions..js (module.js:580:10)
    at Module.load (module.js:488:32)
    at tryModuleLoad (module.js:447:12)]]>
   </failure>
   <failure type="exception" message="Failed: Cannot read property &apos;iOpenP1&apos; of undefined"><![CDATA[TypeError: Cannot read property 'iOpenP1' of undefined
    at Object.<anonymous> (/Users/ahmeds6/project_firstProTravis/project_test.js:8:21)
    at /Users/ahmeds6/.nvm/versions/node/v7.2.0/lib/node_modules/protractor/node_modules/jasminewd2/index.js:96:23
    at wrappedCtr.constructor (/Users/ahmeds6/.nvm/versions/node/v7.2.0/lib/node_modules/protractor/node_modules/selenium-webdriver/lib/goog/../webdriver/promise.js:1056:7)
    at new wrappedCtr (/Users/ahmeds6/.nvm/versions/node/v7.2.0/lib/node_modules/protractor/node_modules/selenium-webdriver/lib/goog/base.js:2468:26)
    at controlFlowExecute (/Users/ahmeds6/.nvm/versions/node/v7.2.0/lib/node_modules/protractor/node_modules/jasminewd2/index.js:82:18)
    at wrappedCtr.execute_ (/Users/ahmeds6/.nvm/versions/node/v7.2.0/lib/node_modules/protractor/node_modules/selenium-webdriver/lib/goog/../webdriver/promise.js:2776:14)
    at wrappedCtr.executeNext_ (/Users/ahmeds6/.nvm/versions/node/v7.2.0/lib/node_modules/protractor/node_modules/selenium-webdriver/lib/goog/../webdriver/promise.js:2758:21)
    at goog.async.run.processWorkQueue (/Users/ahmeds6/.nvm/versions/node/v7.2.0/lib/node_modules/protractor/node_modules/selenium-webdriver/lib/goog/async/run.js:124:15)
    at process._tickCallback (internal/process/next_tick.js:103:7)
From: Task: Run it("Subtraction") in control flow
    at Object.<anonymous> (/Users/ahmeds6/.nvm/versions/node/v7.2.0/lib/node_modules/protractor/node_modules/jasminewd2/index.js:81:14)
    at attemptAsync (/Users/ahmeds6/.nvm/versions/node/v7.2.0/lib/node_modules/protractor/node_modules/jasmine-core/lib/jasmine-core/jasmine.js:1819:24)
    at QueueRunner.run (/Users/ahmeds6/.nvm/versions/node/v7.2.0/lib/node_modules/protractor/node_modules/jasmine-core/lib/jasmine-core/jasmine.js:1774:9)
    at /Users/ahmeds6/.nvm/versions/node/v7.2.0/lib/node_modules/protractor/node_modules/jasmine-core/lib/jasmine-core/jasmine.js:1801:16
    at /Users/ahmeds6/.nvm/versions/node/v7.2.0/lib/node_modules/protractor/node_modules/jasmine-core/lib/jasmine-core/jasmine.js:1745:9
    at Function.next.fail (/Users/ahmeds6/.nvm/versions/node/v7.2.0/lib/node_modules/protractor/node_modules/jasmine-core/lib/jasmine-core/jasmine.js:1807:9)
    at /Users/ahmeds6/.nvm/versions/node/v7.2.0/lib/node_modules/protractor/node_modules/jasminewd2/index.js:101:16
    at wrappedCtr.invokeCallback_ (/Users/ahmeds6/.nvm/versions/node/v7.2.0/lib/node_modules/protractor/node_modules/selenium-webdriver/lib/goog/../webdriver/promise.js:1337:14)
    at wrappedCtr.execute_ (/Users/ahmeds6/.nvm/versions/node/v7.2.0/lib/node_modules/protractor/node_modules/selenium-webdriver/lib/goog/../webdriver/promise.js:2776:14)
    at wrappedCtr.executeNext_ (/Users/ahmeds6/.nvm/versions/node/v7.2.0/lib/node_modules/protractor/node_modules/selenium-webdriver/lib/goog/../webdriver/promise.js:2758:21)
From asynchronous test: 
Error
    at Suite.<anonymous> (/Users/ahmeds6/project_firstProTravis/project_test.js:6:3)
    at addSpecsToSuite (/Users/ahmeds6/.nvm/versions/node/v7.2.0/lib/node_modules/protractor/node_modules/jasmine-core/lib/jasmine-core/jasmine.js:743:25)
    at Env.describe (/Users/ahmeds6/.nvm/versions/node/v7.2.0/lib/node_modules/protractor/node_modules/jasmine-core/lib/jasmine-core/jasmine.js:713:7)
    at describe (/Users/ahmeds6/.nvm/versions/node/v7.2.0/lib/node_modules/protractor/node_modules/jasmine-core/lib/jasmine-core/jasmine.js:3219:18)
    at Object.<anonymous> (/Users/ahmeds6/project_firstProTravis/project_test.js:1:1)
    at Module._compile (module.js:571:32)
    at Object.Module._extensions..js (module.js:580:10)
    at Module.load (module.js:488:32)
    at tryModuleLoad (module.js:447:12)]]>
   </failure>
  </testcase>
  <testcase classname="firstProtractorTest" name="newAdditionTest" time="0.003">
   <failure type="exception" message="Failed: Actionwords is not defined"><![CDATA[ReferenceError: Actionwords is not defined
    at Object.<anonymous> (/Users/ahmeds6/project_firstProTravis/project_test.js:3:38)
    at /Users/ahmeds6/.nvm/versions/node/v7.2.0/lib/node_modules/protractor/node_modules/jasminewd2/index.js:96:23
    at wrappedCtr.constructor (/Users/ahmeds6/.nvm/versions/node/v7.2.0/lib/node_modules/protractor/node_modules/selenium-webdriver/lib/goog/../webdriver/promise.js:1056:7)
    at new wrappedCtr (/Users/ahmeds6/.nvm/versions/node/v7.2.0/lib/node_modules/protractor/node_modules/selenium-webdriver/lib/goog/base.js:2468:26)
    at controlFlowExecute (/Users/ahmeds6/.nvm/versions/node/v7.2.0/lib/node_modules/protractor/node_modules/jasminewd2/index.js:82:18)
    at wrappedCtr.execute_ (/Users/ahmeds6/.nvm/versions/node/v7.2.0/lib/node_modules/protractor/node_modules/selenium-webdriver/lib/goog/../webdriver/promise.js:2776:14)
    at wrappedCtr.executeNext_ (/Users/ahmeds6/.nvm/versions/node/v7.2.0/lib/node_modules/protractor/node_modules/selenium-webdriver/lib/goog/../webdriver/promise.js:2758:21)
    at goog.async.run.processWorkQueue (/Users/ahmeds6/.nvm/versions/node/v7.2.0/lib/node_modules/protractor/node_modules/selenium-webdriver/lib/goog/async/run.js:124:15)
    at process._tickCallback (internal/process/next_tick.js:103:7)
From: Task: Run beforeEach in control flow
    at Object.<anonymous> (/Users/ahmeds6/.nvm/versions/node/v7.2.0/lib/node_modules/protractor/node_modules/jasminewd2/index.js:81:14)
    at attemptAsync (/Users/ahmeds6/.nvm/versions/node/v7.2.0/lib/node_modules/protractor/node_modules/jasmine-core/lib/jasmine-core/jasmine.js:1819:24)
    at QueueRunner.run (/Users/ahmeds6/.nvm/versions/node/v7.2.0/lib/node_modules/protractor/node_modules/jasmine-core/lib/jasmine-core/jasmine.js:1774:9)
    at QueueRunner.execute (/Users/ahmeds6/.nvm/versions/node/v7.2.0/lib/node_modules/protractor/node_modules/jasmine-core/lib/jasmine-core/jasmine.js:1762:10)
    at Spec.queueRunnerFactory (/Users/ahmeds6/.nvm/versions/node/v7.2.0/lib/node_modules/protractor/node_modules/jasmine-core/lib/jasmine-core/jasmine.js:627:35)
    at Spec.execute (/Users/ahmeds6/.nvm/versions/node/v7.2.0/lib/node_modules/protractor/node_modules/jasmine-core/lib/jasmine-core/jasmine.js:353:10)
    at Object.fn (/Users/ahmeds6/.nvm/versions/node/v7.2.0/lib/node_modules/protractor/node_modules/jasmine-core/lib/jasmine-core/jasmine.js:2360:37)
    at attemptAsync (/Users/ahmeds6/.nvm/versions/node/v7.2.0/lib/node_modules/protractor/node_modules/jasmine-core/lib/jasmine-core/jasmine.js:1819:24)
    at QueueRunner.run (/Users/ahmeds6/.nvm/versions/node/v7.2.0/lib/node_modules/protractor/node_modules/jasmine-core/lib/jasmine-core/jasmine.js:1774:9)
    at /Users/ahmeds6/.nvm/versions/node/v7.2.0/lib/node_modules/protractor/node_modules/jasmine-core/lib/jasmine-core/jasmine.js:1801:16
From asynchronous test: 
Error
    at Suite.<anonymous> (/Users/ahmeds6/project_firstProTravis/project_test.js:2:3)
    at addSpecsToSuite (/Users/ahmeds6/.nvm/versions/node/v7.2.0/lib/node_modules/protractor/node_modules/jasmine-core/lib/jasmine-core/jasmine.js:743:25)
    at Env.describe (/Users/ahmeds6/.nvm/versions/node/v7.2.0/lib/node_modules/protractor/node_modules/jasmine-core/lib/jasmine-core/jasmine.js:713:7)
    at describe (/Users/ahmeds6/.nvm/versions/node/v7.2.0/lib/node_modules/protractor/node_modules/jasmine-core/lib/jasmine-core/jasmine.js:3219:18)
    at Object.<anonymous> (/Users/ahmeds6/project_firstProTravis/project_test.js:1:1)
    at Module._compile (module.js:571:32)
    at Object.Module._extensions..js (module.js:580:10)
    at Module.load (module.js:488:32)
    at tryModuleLoad (module.js:447:12)]]>
   </failure>
   <failure type="exception" message="Failed: Cannot read property &apos;iOpenP1&apos; of undefined"><![CDATA[TypeError: Cannot read property 'iOpenP1' of undefined
    at Object.<anonymous> (/Users/ahmeds6/project_firstProTravis/project_test.js:17:21)
    at /Users/ahmeds6/.nvm/versions/node/v7.2.0/lib/node_modules/protractor/node_modules/jasminewd2/index.js:96:23
    at wrappedCtr.constructor (/Users/ahmeds6/.nvm/versions/node/v7.2.0/lib/node_modules/protractor/node_modules/selenium-webdriver/lib/goog/../webdriver/promise.js:1056:7)
    at new wrappedCtr (/Users/ahmeds6/.nvm/versions/node/v7.2.0/lib/node_modules/protractor/node_modules/selenium-webdriver/lib/goog/base.js:2468:26)
    at controlFlowExecute (/Users/ahmeds6/.nvm/versions/node/v7.2.0/lib/node_modules/protractor/node_modules/jasminewd2/index.js:82:18)
    at wrappedCtr.execute_ (/Users/ahmeds6/.nvm/versions/node/v7.2.0/lib/node_modules/protractor/node_modules/selenium-webdriver/lib/goog/../webdriver/promise.js:2776:14)
    at wrappedCtr.executeNext_ (/Users/ahmeds6/.nvm/versions/node/v7.2.0/lib/node_modules/protractor/node_modules/selenium-webdriver/lib/goog/../webdriver/promise.js:2758:21)
    at goog.async.run.processWorkQueue (/Users/ahmeds6/.nvm/versions/node/v7.2.0/lib/node_modules/protractor/node_modules/selenium-webdriver/lib/goog/async/run.js:124:15)
    at process._tickCallback (internal/process/next_tick.js:103:7)
From: Task: Run it("newAdditionTest") in control flow
    at Object.<anonymous> (/Users/ahmeds6/.nvm/versions/node/v7.2.0/lib/node_modules/protractor/node_modules/jasminewd2/index.js:81:14)
    at attemptAsync (/Users/ahmeds6/.nvm/versions/node/v7.2.0/lib/node_modules/protractor/node_modules/jasmine-core/lib/jasmine-core/jasmine.js:1819:24)
    at QueueRunner.run (/Users/ahmeds6/.nvm/versions/node/v7.2.0/lib/node_modules/protractor/node_modules/jasmine-core/lib/jasmine-core/jasmine.js:1774:9)
    at /Users/ahmeds6/.nvm/versions/node/v7.2.0/lib/node_modules/protractor/node_modules/jasmine-core/lib/jasmine-core/jasmine.js:1801:16
    at /Users/ahmeds6/.nvm/versions/node/v7.2.0/lib/node_modules/protractor/node_modules/jasmine-core/lib/jasmine-core/jasmine.js:1745:9
    at Function.next.fail (/Users/ahmeds6/.nvm/versions/node/v7.2.0/lib/node_modules/protractor/node_modules/jasmine-core/lib/jasmine-core/jasmine.js:1807:9)
    at /Users/ahmeds6/.nvm/versions/node/v7.2.0/lib/node_modules/protractor/node_modules/jasminewd2/index.js:101:16
    at wrappedCtr.invokeCallback_ (/Users/ahmeds6/.nvm/versions/node/v7.2.0/lib/node_modules/protractor/node_modules/selenium-webdriver/lib/goog/../webdriver/promise.js:1337:14)
    at wrappedCtr.execute_ (/Users/ahmeds6/.nvm/versions/node/v7.2.0/lib/node_modules/protractor/node_modules/selenium-webdriver/lib/goog/../webdriver/promise.js:2776:14)
    at wrappedCtr.executeNext_ (/Users/ahmeds6/.nvm/versions/node/v7.2.0/lib/node_modules/protractor/node_modules/selenium-webdriver/lib/goog/../webdriver/promise.js:2758:21)
From asynchronous test: 
Error
    at Suite.<anonymous> (/Users/ahmeds6/project_firstProTravis/project_test.js:15:3)
    at addSpecsToSuite (/Users/ahmeds6/.nvm/versions/node/v7.2.0/lib/node_modules/protractor/node_modules/jasmine-core/lib/jasmine-core/jasmine.js:743:25)
    at Env.describe (/Users/ahmeds6/.nvm/versions/node/v7.2.0/lib/node_modules/protractor/node_modules/jasmine-core/lib/jasmine-core/jasmine.js:713:7)
    at describe (/Users/ahmeds6/.nvm/versions/node/v7.2.0/lib/node_modules/protractor/node_modules/jasmine-core/lib/jasmine-core/jasmine.js:3219:18)
    at Object.<anonymous> (/Users/ahmeds6/project_firstProTravis/project_test.js:1:1)
    at Module._compile (module.js:571:32)
    at Object.Module._extensions..js (module.js:580:10)
    at Module.load (module.js:488:32)
    at tryModuleLoad (module.js:447:12)]]>
   </failure>
  </testcase>
  <testcase classname="firstProtractorTest" name="Test_sync" time="0.008">
   <failure type="exception" message="Failed: Actionwords is not defined"><![CDATA[ReferenceError: Actionwords is not defined
    at Object.<anonymous> (/Users/ahmeds6/project_firstProTravis/project_test.js:3:38)
    at /Users/ahmeds6/.nvm/versions/node/v7.2.0/lib/node_modules/protractor/node_modules/jasminewd2/index.js:96:23
    at wrappedCtr.constructor (/Users/ahmeds6/.nvm/versions/node/v7.2.0/lib/node_modules/protractor/node_modules/selenium-webdriver/lib/goog/../webdriver/promise.js:1056:7)
    at new wrappedCtr (/Users/ahmeds6/.nvm/versions/node/v7.2.0/lib/node_modules/protractor/node_modules/selenium-webdriver/lib/goog/base.js:2468:26)
    at controlFlowExecute (/Users/ahmeds6/.nvm/versions/node/v7.2.0/lib/node_modules/protractor/node_modules/jasminewd2/index.js:82:18)
    at wrappedCtr.execute_ (/Users/ahmeds6/.nvm/versions/node/v7.2.0/lib/node_modules/protractor/node_modules/selenium-webdriver/lib/goog/../webdriver/promise.js:2776:14)
    at wrappedCtr.executeNext_ (/Users/ahmeds6/.nvm/versions/node/v7.2.0/lib/node_modules/protractor/node_modules/selenium-webdriver/lib/goog/../webdriver/promise.js:2758:21)
    at goog.async.run.processWorkQueue (/Users/ahmeds6/.nvm/versions/node/v7.2.0/lib/node_modules/protractor/node_modules/selenium-webdriver/lib/goog/async/run.js:124:15)
    at process._tickCallback (internal/process/next_tick.js:103:7)
From: Task: Run beforeEach in control flow
    at Object.<anonymous> (/Users/ahmeds6/.nvm/versions/node/v7.2.0/lib/node_modules/protractor/node_modules/jasminewd2/index.js:81:14)
    at attemptAsync (/Users/ahmeds6/.nvm/versions/node/v7.2.0/lib/node_modules/protractor/node_modules/jasmine-core/lib/jasmine-core/jasmine.js:1819:24)
    at QueueRunner.run (/Users/ahmeds6/.nvm/versions/node/v7.2.0/lib/node_modules/protractor/node_modules/jasmine-core/lib/jasmine-core/jasmine.js:1774:9)
    at QueueRunner.execute (/Users/ahmeds6/.nvm/versions/node/v7.2.0/lib/node_modules/protractor/node_modules/jasmine-core/lib/jasmine-core/jasmine.js:1762:10)
    at Spec.queueRunnerFactory (/Users/ahmeds6/.nvm/versions/node/v7.2.0/lib/node_modules/protractor/node_modules/jasmine-core/lib/jasmine-core/jasmine.js:627:35)
    at Spec.execute (/Users/ahmeds6/.nvm/versions/node/v7.2.0/lib/node_modules/protractor/node_modules/jasmine-core/lib/jasmine-core/jasmine.js:353:10)
    at Object.fn (/Users/ahmeds6/.nvm/versions/node/v7.2.0/lib/node_modules/protractor/node_modules/jasmine-core/lib/jasmine-core/jasmine.js:2360:37)
    at attemptAsync (/Users/ahmeds6/.nvm/versions/node/v7.2.0/lib/node_modules/protractor/node_modules/jasmine-core/lib/jasmine-core/jasmine.js:1819:24)
    at QueueRunner.run (/Users/ahmeds6/.nvm/versions/node/v7.2.0/lib/node_modules/protractor/node_modules/jasmine-core/lib/jasmine-core/jasmine.js:1774:9)
    at /Users/ahmeds6/.nvm/versions/node/v7.2.0/lib/node_modules/protractor/node_modules/jasmine-core/lib/jasmine-core/jasmine.js:1801:16
From asynchronous test: 
Error
    at Suite.<anonymous> (/Users/ahmeds6/project_firstProTravis/project_test.js:2:3)
    at addSpecsToSuite (/Users/ahmeds6/.nvm/versions/node/v7.2.0/lib/node_modules/protractor/node_modules/jasmine-core/lib/jasmine-core/jasmine.js:743:25)
    at Env.describe (/Users/ahmeds6/.nvm/versions/node/v7.2.0/lib/node_modules/protractor/node_modules/jasmine-core/lib/jasmine-core/jasmine.js:713:7)
    at describe (/Users/ahmeds6/.nvm/versions/node/v7.2.0/lib/node_modules/protractor/node_modules/jasmine-core/lib/jasmine-core/jasmine.js:3219:18)
    at Object.<anonymous> (/Users/ahmeds6/project_firstProTravis/project_test.js:1:1)
    at Module._compile (module.js:571:32)
    at Object.Module._extensions..js (module.js:580:10)
    at Module.load (module.js:488:32)
    at tryModuleLoad (module.js:447:12)]]>
   </failure>
   <failure type="exception" message="Failed: Cannot read property &apos;iOpenP1&apos; of undefined"><![CDATA[TypeError: Cannot read property 'iOpenP1' of undefined
    at Object.<anonymous> (/Users/ahmeds6/project_firstProTravis/project_test.js:26:21)
    at /Users/ahmeds6/.nvm/versions/node/v7.2.0/lib/node_modules/protractor/node_modules/jasminewd2/index.js:96:23
    at wrappedCtr.constructor (/Users/ahmeds6/.nvm/versions/node/v7.2.0/lib/node_modules/protractor/node_modules/selenium-webdriver/lib/goog/../webdriver/promise.js:1056:7)
    at new wrappedCtr (/Users/ahmeds6/.nvm/versions/node/v7.2.0/lib/node_modules/protractor/node_modules/selenium-webdriver/lib/goog/base.js:2468:26)
    at controlFlowExecute (/Users/ahmeds6/.nvm/versions/node/v7.2.0/lib/node_modules/protractor/node_modules/jasminewd2/index.js:82:18)
    at wrappedCtr.execute_ (/Users/ahmeds6/.nvm/versions/node/v7.2.0/lib/node_modules/protractor/node_modules/selenium-webdriver/lib/goog/../webdriver/promise.js:2776:14)
    at wrappedCtr.executeNext_ (/Users/ahmeds6/.nvm/versions/node/v7.2.0/lib/node_modules/protractor/node_modules/selenium-webdriver/lib/goog/../webdriver/promise.js:2758:21)
    at goog.async.run.processWorkQueue (/Users/ahmeds6/.nvm/versions/node/v7.2.0/lib/node_modules/protractor/node_modules/selenium-webdriver/lib/goog/async/run.js:124:15)
    at process._tickCallback (internal/process/next_tick.js:103:7)
From: Task: Run it("Test_sync") in control flow
    at Object.<anonymous> (/Users/ahmeds6/.nvm/versions/node/v7.2.0/lib/node_modules/protractor/node_modules/jasminewd2/index.js:81:14)
    at attemptAsync (/Users/ahmeds6/.nvm/versions/node/v7.2.0/lib/node_modules/protractor/node_modules/jasmine-core/lib/jasmine-core/jasmine.js:1819:24)
    at QueueRunner.run (/Users/ahmeds6/.nvm/versions/node/v7.2.0/lib/node_modules/protractor/node_modules/jasmine-core/lib/jasmine-core/jasmine.js:1774:9)
    at /Users/ahmeds6/.nvm/versions/node/v7.2.0/lib/node_modules/protractor/node_modules/jasmine-core/lib/jasmine-core/jasmine.js:1801:16
    at /Users/ahmeds6/.nvm/versions/node/v7.2.0/lib/node_modules/protractor/node_modules/jasmine-core/lib/jasmine-core/jasmine.js:1745:9
    at Function.next.fail (/Users/ahmeds6/.nvm/versions/node/v7.2.0/lib/node_modules/protractor/node_modules/jasmine-core/lib/jasmine-core/jasmine.js:1807:9)
    at /Users/ahmeds6/.nvm/versions/node/v7.2.0/lib/node_modules/protractor/node_modules/jasminewd2/index.js:101:16
    at wrappedCtr.invokeCallback_ (/Users/ahmeds6/.nvm/versions/node/v7.2.0/lib/node_modules/protractor/node_modules/selenium-webdriver/lib/goog/../webdriver/promise.js:1337:14)
    at wrappedCtr.execute_ (/Users/ahmeds6/.nvm/versions/node/v7.2.0/lib/node_modules/protractor/node_modules/selenium-webdriver/lib/goog/../webdriver/promise.js:2776:14)
    at wrappedCtr.executeNext_ (/Users/ahmeds6/.nvm/versions/node/v7.2.0/lib/node_modules/protractor/node_modules/selenium-webdriver/lib/goog/../webdriver/promise.js:2758:21)
From asynchronous test: 
Error
    at Suite.<anonymous> (/Users/ahmeds6/project_firstProTravis/project_test.js:24:3)
    at addSpecsToSuite (/Users/ahmeds6/.nvm/versions/node/v7.2.0/lib/node_modules/protractor/node_modules/jasmine-core/lib/jasmine-core/jasmine.js:743:25)
    at Env.describe (/Users/ahmeds6/.nvm/versions/node/v7.2.0/lib/node_modules/protractor/node_modules/jasmine-core/lib/jasmine-core/jasmine.js:713:7)
    at describe (/Users/ahmeds6/.nvm/versions/node/v7.2.0/lib/node_modules/protractor/node_modules/jasmine-core/lib/jasmine-core/jasmine.js:3219:18)
    at Object.<anonymous> (/Users/ahmeds6/project_firstProTravis/project_test.js:1:1)
    at Module._compile (module.js:571:32)
    at Object.Module._extensions..js (module.js:580:10)
    at Module.load (module.js:488:32)
    at tryModuleLoad (module.js:447:12)]]>
   </failure>
  </testcase>
 </testsuite>
</testsuites>